0 info it worked if it ends with ok
1 verbose cli [
1 verbose cli   'C:\\Program Files (x86)\\nodejs\\node.exe',
1 verbose cli   'C:\\Users\\user\\AppData\\Roaming\\npm\\node_modules\\npm\\bin\\npm-cli.js',
1 verbose cli   'start'
1 verbose cli ]
2 info using npm@3.10.10
3 info using node@v12.10.0
4 verbose run-script [ 'prestart', 'start', 'poststart' ]
5 info lifecycle libraryexpress@1.0.0~prestart: libraryexpress@1.0.0
6 silly lifecycle libraryexpress@1.0.0~prestart: no script for prestart, continuing
7 info lifecycle libraryexpress@1.0.0~start: libraryexpress@1.0.0
8 verbose lifecycle libraryexpress@1.0.0~start: unsafe-perm in lifecycle true
9 verbose lifecycle libraryexpress@1.0.0~start: PATH: C:\Users\user\AppData\Roaming\npm\node_modules\npm\bin\node-gyp-bin;D:\case\digital-library-main\node_modules\.bin;C:\Program Files (x86)\nodejs;C:\Program Files (x86)\nodejs;C:\Users\user\AppData\Local\Programs\Microsoft VS Code\bin
10 verbose lifecycle libraryexpress@1.0.0~start: CWD: D:\case\digital-library-main
11 silly lifecycle libraryexpress@1.0.0~start: Args: [ '/d /s /c', 'node app.js' ]
12 silly lifecycle libraryexpress@1.0.0~start: Returned: code: 1  signal: null
13 info lifecycle libraryexpress@1.0.0~start: Failed to exec start script
14 verbose stack Error: libraryexpress@1.0.0 start: `node app.js`
14 verbose stack Exit status 1
14 verbose stack     at EventEmitter.<anonymous> (C:\Users\user\AppData\Roaming\npm\node_modules\npm\lib\utils\lifecycle.js:255:16)
14 verbose stack     at EventEmitter.emit (events.js:209:13)
14 verbose stack     at ChildProcess.<anonymous> (C:\Users\user\AppData\Roaming\npm\node_modules\npm\lib\utils\spawn.js:40:14)
14 verbose stack     at ChildProcess.emit (events.js:209:13)
14 verbose stack     at maybeClose (internal/child_process.js:1021:16)
14 verbose stack     at Process.ChildProcess._handle.onexit (internal/child_process.js:283:5)
15 verbose pkgid libraryexpress@1.0.0
16 verbose cwd D:\case\digital-library-main
17 error Windows_NT 6.1.7601
18 error argv "C:\\Program Files (x86)\\nodejs\\node.exe" "C:\\Users\\user\\AppData\\Roaming\\npm\\node_modules\\npm\\bin\\npm-cli.js" "start"
19 error node v12.10.0
20 error npm  v3.10.10
21 error code ELIFECYCLE
22 error libraryexpress@1.0.0 start: `node app.js`
22 error Exit status 1
23 error Failed at the libraryexpress@1.0.0 start script 'node app.js'.
23 error Make sure you have the latest version of node.js and npm installed.
23 error If you do, this is most likely a problem with the libraryexpress package,
23 error not with npm itself.
23 error Tell the author that this fails on your system:
23 error     node app.js
23 error You can get information on how to open an issue for this project with:
23 error     npm bugs libraryexpress
23 error Or if that isn't available, you can get their info via:
23 error     npm owner ls libraryexpress
23 error There is likely additional logging output above.
24 verbose exit [ 1, true ]
